[25/3/2015 18:59:7] ProcessWriter.ThreadWriter is starting.
[25/3/2015 18:59:7] Waining for multiple objects
[25/3/2015 18:59:9] Get canWriteEvent
[25/3/2015 18:59:9] Writer put msg: "Writer_id	0, msg with num = 1"
[25/3/2015 18:59:9] Waining for changeCountEvent
[25/3/2015 18:59:9] Set Event changeCountEvent
[25/3/2015 18:59:9] Set Event canReadEvent
[25/3/2015 18:59:9] Waining for multiple objects
[25/3/2015 18:59:9] Get canWriteEvent
[25/3/2015 18:59:9] Writer put msg: "Writer_id	0, msg with num = 2"
[25/3/2015 18:59:9] Waining for changeCountEvent
[25/3/2015 18:59:9] Set Event changeCountEvent
[25/3/2015 18:59:9] Set Event canReadEvent
[25/3/2015 18:59:9] Waining for multiple objects
[25/3/2015 18:59:9] Get canWriteEvent
[25/3/2015 18:59:9] Writer put msg: "Writer_id	0, msg with num = 3"
[25/3/2015 18:59:9] Waining for changeCountEvent
[25/3/2015 18:59:9] Set Event changeCountEvent
[25/3/2015 18:59:9] Set Event canReadEvent
[25/3/2015 18:59:9] Waining for multiple objects
[25/3/2015 18:59:9] Get canWriteEvent
[25/3/2015 18:59:9] Writer put msg: "Writer_id	0, msg with num = 4"
[25/3/2015 18:59:9] Waining for changeCountEvent
[25/3/2015 18:59:9] Set Event changeCountEvent
[25/3/2015 18:59:9] Set Event canReadEvent
[25/3/2015 18:59:9] Waining for multiple objects
[25/3/2015 18:59:9] Get canWriteEvent
[25/3/2015 18:59:9] Writer put msg: "Writer_id	0, msg with num = 5"
[25/3/2015 18:59:9] Waining for changeCountEvent
[25/3/2015 18:59:9] Set Event changeCountEvent
[25/3/2015 18:59:9] Set Event canReadEvent
[25/3/2015 18:59:9] Waining for multiple objects
[25/3/2015 18:59:9] Get canWriteEvent
[25/3/2015 18:59:9] Writer put msg: "Writer_id	0, msg with num = 6"
[25/3/2015 18:59:9] Waining for changeCountEvent
[25/3/2015 18:59:9] Set Event changeCountEvent
[25/3/2015 18:59:9] Set Event canReadEvent
[25/3/2015 18:59:9] Waining for multiple objects
[25/3/2015 18:59:9] Get canWriteEvent
[25/3/2015 18:59:9] Writer put msg: "Writer_id	0, msg with num = 7"
[25/3/2015 18:59:9] Waining for changeCountEvent
[25/3/2015 18:59:9] Set Event changeCountEvent
[25/3/2015 18:59:9] Set Event canReadEvent
[25/3/2015 18:59:9] Waining for multiple objects
[25/3/2015 18:59:10] Get canWriteEvent
[25/3/2015 18:59:10] Writer put msg: "Writer_id	0, msg with num = 8"
[25/3/2015 18:59:10] Waining for changeCountEvent
[25/3/2015 18:59:10] Set Event changeCountEvent
[25/3/2015 18:59:10] Set Event canReadEvent
[25/3/2015 18:59:10] Waining for multiple objects
[25/3/2015 18:59:10] Get canWriteEvent
[25/3/2015 18:59:10] Writer put msg: "Writer_id	0, msg with num = 9"
[25/3/2015 18:59:10] Waining for changeCountEvent
[25/3/2015 18:59:10] Set Event changeCountEvent
[25/3/2015 18:59:10] Set Event canReadEvent
[25/3/2015 18:59:10] Waining for multiple objects
[25/3/2015 18:59:10] Get exitEvent
[25/3/2015 18:59:10] Writer 0 finishing work
[25/3/2015 18:59:10] Shutting down.

