[25/3/2015 18:41:56] Semaphore is starting.
[25/3/2015 18:41:56] Using default config
[25/3/2015 18:41:56] Config:
	NumOfReaders = 10
	ReadersDelay = 100
	NumOfWriters = 10
	WritersDelay = 200
	SizeOfQueue = 10
	ttl = 3
[25/3/2015 18:41:56] Total num of threads is 21
[25/3/2015 18:41:56] Create readers
[25/3/2015 18:41:56] Count = 0
[25/3/2015 18:41:56] Count = 1
[25/3/2015 18:41:56] Count = 2
[25/3/2015 18:41:56] Count = 3
[25/3/2015 18:41:56] Count = 4
[25/3/2015 18:41:56] Count = 5
[25/3/2015 18:41:56] Count = 6
[25/3/2015 18:41:56] Count = 7
[25/3/2015 18:41:56] Count = 8
[25/3/2015 18:41:56] Count = 9
[25/3/2015 18:41:56] Create writers
[25/3/2015 18:41:56] count = 10
[25/3/2015 18:41:56] count = 11
[25/3/2015 18:41:56] count = 12
[25/3/2015 18:41:56] count = 13
[25/3/2015 18:41:56] count = 14
[25/3/2015 18:41:56] count = 15
[25/3/2015 18:41:56] count = 16
[25/3/2015 18:41:56] count = 17
[25/3/2015 18:41:56] count = 18
[25/3/2015 18:41:56] count = 19
[25/3/2015 18:41:56] Create TimeManager
[25/3/2015 18:41:56] Count = 20
[25/3/2015 18:41:56] Successfully created threads!
[25/3/2015 18:41:59] All tasks are done!
[25/3/2015 18:42:27] Shutting down.

