[8/4/2015 14:7:1] NoMemProcessWriter is starting.
[8/4/2015 14:7:1] Using default config
[8/4/2015 14:7:1] Config:
	NumOfReaders = 10
	ReadersDelay = 100
	NumOfWriters = 1
	WritersDelay = 200
	SizeOfQueue = 10
	ttl = 3
[8/4/2015 14:7:1] Total num of threads is 12
[8/4/2015 14:7:1] Create readers
[8/4/2015 14:7:1] Count = 0
[8/4/2015 14:7:1] Count = 1
[8/4/2015 14:7:1] Count = 2
[8/4/2015 14:7:1] Count = 3
[8/4/2015 14:7:1] Count = 4
[8/4/2015 14:7:1] Count = 5
[8/4/2015 14:7:1] Count = 6
[8/4/2015 14:7:1] Count = 7
[8/4/2015 14:7:1] Count = 8
[8/4/2015 14:7:1] Count = 9
[8/4/2015 14:7:1] Create writers
[8/4/2015 14:7:1] count = 10
[8/4/2015 14:7:1] Create TimeManager
[8/4/2015 14:7:1] Count = 11
[8/4/2015 14:7:1] Successfully created threads!
[8/4/2015 14:7:15] All tasks are done!
[8/4/2015 14:7:16] Shutting down.

