[8/4/2015 14:13:44] NetReaderWriterClient is starting.
[8/4/2015 14:13:51] Windows Socket environment ready
[8/4/2015 14:13:51] Client socket created
[8/4/2015 14:13:51] Connect
[8/4/2015 14:13:51] 2536
[8/4/2015 14:13:51] 3584
[8/4/2015 14:13:51] 2536
[8/4/2015 14:13:51] 3584
[8/4/2015 14:13:51] 2536
[8/4/2015 14:13:51] 3584
[8/4/2015 14:13:51] 2536
[8/4/2015 14:13:51] 3584
[8/4/2015 14:13:51] 2536
[8/4/2015 14:13:51] 3584
[8/4/2015 14:13:51] 2536
[8/4/2015 14:13:51] 3584
[8/4/2015 14:13:51] 2536
[8/4/2015 14:13:51] 3584
[8/4/2015 14:13:52] 2536
[8/4/2015 14:13:52] 3584
[8/4/2015 14:13:52] 2536
[8/4/2015 14:13:52] 3584
[8/4/2015 14:13:52] 2536
[8/4/2015 14:13:52] 3584
[8/4/2015 14:13:52] 2536
[8/4/2015 14:13:52] 3584
[8/4/2015 14:13:52] 2536
[8/4/2015 14:13:52] 3584
[8/4/2015 14:13:52] 2536
[8/4/2015 14:13:52] 3584
[8/4/2015 14:13:52] 2536
[8/4/2015 14:13:52] 3584
[8/4/2015 14:13:52] 2536
[8/4/2015 14:13:52] 3584
[8/4/2015 14:13:52] 2536
[8/4/2015 14:13:52] 3584
[8/4/2015 14:13:52] 454
[8/4/2015 14:13:52] 1502
[8/4/2015 14:13:53] 2536
[8/4/2015 14:13:53] 3584
[8/4/2015 14:13:53] 2536
[8/4/2015 14:13:53] 3584
[8/4/2015 14:13:53] 2536
[8/4/2015 14:13:53] 3584
[8/4/2015 14:13:53] 2536
[8/4/2015 14:13:53] 3584
[8/4/2015 14:13:53] 2536
[8/4/2015 14:13:53] 3584
[8/4/2015 14:13:53] 2536
[8/4/2015 14:13:53] 3584
[8/4/2015 14:13:53] 2536
[8/4/2015 14:13:53] 3584
[8/4/2015 14:13:53] 2536
[8/4/2015 14:13:53] 3584
[8/4/2015 14:13:53] 2536
[8/4/2015 14:13:53] 3584
[8/4/2015 14:13:53] 230
[8/4/2015 14:13:53] 1278
[8/4/2015 14:13:54] 2536
[8/4/2015 14:13:54] 3584
[8/4/2015 14:13:54] 2536
[8/4/2015 14:13:54] 3584
[8/4/2015 14:13:54] 2536
[8/4/2015 14:13:54] 3584
[8/4/2015 14:13:54] 2536
[8/4/2015 14:13:54] 3584
[8/4/2015 14:13:54] 2536
[8/4/2015 14:13:54] 3584
[8/4/2015 14:13:54] 2536
[8/4/2015 14:13:54] 3584
[8/4/2015 14:13:54] 2536
[8/4/2015 14:13:54] 3584
[8/4/2015 14:13:54] 2536
[8/4/2015 14:13:54] 3584
[8/4/2015 14:13:54] 2536
[8/4/2015 14:13:54] 3584
[8/4/2015 14:13:54] 2536
[8/4/2015 14:13:54] 3584
[8/4/2015 14:13:55] 2536
[8/4/2015 14:13:55] 3584
[8/4/2015 14:13:55] 2536
[8/4/2015 14:13:55] 3584
[8/4/2015 14:13:55] 2536
[8/4/2015 14:13:55] 3584
[8/4/2015 14:13:55] 2536
[8/4/2015 14:13:55] 3584
[8/4/2015 14:13:55] 2536
[8/4/2015 14:13:55] 3584
[8/4/2015 14:13:55] 2536
[8/4/2015 14:13:55] 3584
[8/4/2015 14:13:55] 2536
[8/4/2015 14:13:55] 3584
[8/4/2015 14:13:55] 2536
[8/4/2015 14:13:55] 3584
[8/4/2015 14:13:55] 2536
[8/4/2015 14:13:55] 3584
[8/4/2015 14:13:55] 2536
[8/4/2015 14:13:55] 3584
[8/4/2015 14:13:56] 2536
[8/4/2015 14:13:56] 3584
[8/4/2015 14:13:56] 2536
[8/4/2015 14:13:56] 3584
[8/4/2015 14:13:56] 2536
[8/4/2015 14:13:56] 3584
[8/4/2015 14:13:56] 236
[8/4/2015 14:13:56] 134
[8/4/2015 14:13:56] 2536
[8/4/2015 14:13:56] 3584
[8/4/2015 14:13:56] 2536
[8/4/2015 14:13:56] 3584
[8/4/2015 14:13:56] 2536
[8/4/2015 14:13:56] 3584
[8/4/2015 14:13:56] 2536
[8/4/2015 14:13:56] 154
[8/4/2015 14:13:56] 2536
[8/4/2015 14:13:56] 3584
[8/4/2015 14:13:57] 2536
[8/4/2015 14:13:57] 3584
[8/4/2015 14:13:57] 2536
[8/4/2015 14:13:57] 3584
[8/4/2015 14:13:57] 2536
[8/4/2015 14:13:57] 3584
[8/4/2015 14:13:57] 2536
[8/4/2015 14:13:57] 3584
[8/4/2015 14:13:57] 2536
[8/4/2015 14:13:57] 3584
[8/4/2015 14:13:57] 2536
[8/4/2015 14:13:57] 3584
[8/4/2015 14:13:57] 2536
[8/4/2015 14:13:57] 3584
[8/4/2015 14:13:57] 2536
[8/4/2015 14:13:57] 3584
[8/4/2015 14:13:57] 2536
[8/4/2015 14:13:57] 3584
[8/4/2015 14:13:58] 2536
[8/4/2015 14:13:58] 3584
[8/4/2015 14:13:58] 2536
[8/4/2015 14:13:58] 3584
[8/4/2015 14:13:58] 2536
[8/4/2015 14:13:58] 3584
[8/4/2015 14:13:58] 2536
[8/4/2015 14:13:58] 3584
[8/4/2015 14:13:58] 2536
[8/4/2015 14:13:58] 3584
[8/4/2015 14:13:58] 2536
[8/4/2015 14:13:58] 3584
[8/4/2015 14:13:58] 2536
[8/4/2015 14:13:58] 3584
[8/4/2015 14:13:58] 2536
[8/4/2015 14:13:58] 3584
[8/4/2015 14:13:58] 2536
[8/4/2015 14:13:58] 3584
[8/4/2015 14:13:59] 2536
[8/4/2015 14:13:59] 3584
[8/4/2015 14:13:59] 736
[8/4/2015 14:13:59] 884
[8/4/2015 14:13:59] 2536
[8/4/2015 14:13:59] 3584
[8/4/2015 14:13:59] 2536
[8/4/2015 14:13:59] 3584
[8/4/2015 14:13:59] 881
[8/4/2015 14:13:59] 274
[8/4/2015 14:13:59] 2536
[8/4/2015 14:13:59] 3584
[8/4/2015 14:13:59] 2536
[8/4/2015 14:13:59] 3584
[8/4/2015 14:13:59] 2536
[8/4/2015 14:13:59] 3584
[8/4/2015 14:13:59] 2536
[8/4/2015 14:13:59] 3584
[8/4/2015 14:14:0] 2536
[8/4/2015 14:14:0] 3584
[8/4/2015 14:14:0] 2536
[8/4/2015 14:14:0] 3584
[8/4/2015 14:14:0] 2536
[8/4/2015 14:14:0] 3584
[8/4/2015 14:14:0] 2536
[8/4/2015 14:14:0] 3584
[8/4/2015 14:14:0] 2536
[8/4/2015 14:14:0] 3584
[8/4/2015 14:14:0] 2536
[8/4/2015 14:14:0] 3584
[8/4/2015 14:14:0] 2536
[8/4/2015 14:14:0] 3584
[8/4/2015 14:14:0] 2536
[8/4/2015 14:14:0] 3584
[8/4/2015 14:14:0] 2536
[8/4/2015 14:14:0] 3584
[8/4/2015 14:14:1] 2536
[8/4/2015 14:14:1] 3584
[8/4/2015 14:14:1] 2536
[8/4/2015 14:14:1] 3584
[8/4/2015 14:14:1] 2536
[8/4/2015 14:14:1] 3584
[8/4/2015 14:14:1] 2536
[8/4/2015 14:14:1] 3584
[8/4/2015 14:14:1] 2536
[8/4/2015 14:14:1] 3584
[8/4/2015 14:14:1] 2536
[8/4/2015 14:14:1] 3584
[8/4/2015 14:14:1] 2536
[8/4/2015 14:14:1] 3584
[8/4/2015 14:14:1] 2536
[8/4/2015 14:14:1] 3584
[8/4/2015 14:14:1] 2536
[8/4/2015 14:14:1] 3584
[8/4/2015 14:14:2] 45
[8/4/2015 14:14:2] 33
[8/4/2015 14:14:2] 537
[8/4/2015 14:14:2] 1585
[8/4/2015 14:14:2] 2536
[8/4/2015 14:14:2] 3584
[8/4/2015 14:14:2] 2536
[8/4/2015 14:14:2] 3584
[8/4/2015 14:14:2] 2536
[8/4/2015 14:14:2] 3584
[8/4/2015 14:14:2] 2536
[8/4/2015 14:14:2] 3584
[8/4/2015 14:14:2] 2536
[8/4/2015 14:14:2] 3584
[8/4/2015 14:14:2] 201
[8/4/2015 14:14:2] 315
[8/4/2015 14:14:2] 2536
[8/4/2015 14:14:2] 3584
[8/4/2015 14:14:3] 2536
[8/4/2015 14:14:3] 3584
[8/4/2015 14:14:3] 2536
[8/4/2015 14:14:3] 3584
[8/4/2015 14:14:3] 2536
[8/4/2015 14:14:3] 3584
[8/4/2015 14:14:3] 2536
[8/4/2015 14:14:3] 3584
[8/4/2015 14:14:3] 115
[8/4/2015 14:14:3] 1163
[8/4/2015 14:14:3] 2536
[8/4/2015 14:14:3] 3584
[8/4/2015 14:14:3] 2536
[8/4/2015 14:14:3] 3584
[8/4/2015 14:14:3] 2536
[8/4/2015 14:14:3] 3584
[8/4/2015 14:14:3] 2536
[8/4/2015 14:14:3] 3584
[8/4/2015 14:14:4] 2536
[8/4/2015 14:14:4] 3584
[8/4/2015 14:14:4] 2536
[8/4/2015 14:14:4] 3584
[8/4/2015 14:14:4] 2536
[8/4/2015 14:14:4] 3584
[8/4/2015 14:14:4] 2536
[8/4/2015 14:14:4] 3584
[8/4/2015 14:14:4] 2536
[8/4/2015 14:14:4] 3584
[8/4/2015 14:14:4] 2536
[8/4/2015 14:14:4] 3584
[8/4/2015 14:14:4] 2536
[8/4/2015 14:14:4] 3584
[8/4/2015 14:14:4] 2536
[8/4/2015 14:14:4] 3584
[8/4/2015 14:14:4] 2536
[8/4/2015 14:14:4] 3584
[8/4/2015 14:14:5] 2536
[8/4/2015 14:14:5] 3584
[8/4/2015 14:14:5] 2536
[8/4/2015 14:14:5] 3584
[8/4/2015 14:14:7] Shutting down.

