[8/4/2015 14:13:43] NetReaderWriterServer is starting.
[8/4/2015 14:13:43] Windows Socket environment ready
[8/4/2015 14:13:43] Server socket created
[8/4/2015 14:13:43] Bind completed
[8/4/2015 14:13:43] Ready for connection on 127.0.0.1:5050
[8/4/2015 14:13:43] Server 3584: 17[8/4/2015 14:13:43] 
Server 2536: 35
[8/4/2015 14:13:43] Server 2536: 2536[8/4/2015 14:13:43] Server 3584: 3584

[8/4/2015 14:13:43] Server 3584: 3584
[8/4/2015 14:13:43] Server 2536: 2536
[8/4/2015 14:13:43] Server 3584: 3584[8/4/2015 14:13:43] Server 2536: 2536

[8/4/2015 14:13:43] Server 3584: 3584[8/4/2015 14:13:43] Server 2536: 2536

[8/4/2015 14:13:43] Server 3584: 3584[8/4/2015 14:13:43] Server 2536: 2536

[8/4/2015 14:13:44] Server 3584: 3584[8/4/2015 14:13:44] Server 2536: 2536

[8/4/2015 14:13:44] Server 3584: 3584[8/4/2015 14:13:44] Server 2536: 2536

[8/4/2015 14:13:44] Server 3584: 3584[8/4/2015 14:13:44] Server 2536: 2536

[8/4/2015 14:13:44] [8/4/2015 14:13:44] Server 2536: 2536Server 3584: 3584

[8/4/2015 14:13:44] [8/4/2015 14:13:44] Server 3584: 3584Server 2536: 2536

[8/4/2015 14:13:44] Server 3584: 3584[8/4/2015 14:13:44] Server 2536: 2536

[8/4/2015 14:13:44] Server 2536: 2536[8/4/2015 14:13:44] Server 3584: 3584

[8/4/2015 14:13:44] Server 2536: 2536[8/4/2015 14:13:44] Server 3584: 3584

[8/4/2015 14:13:44] Server 2536: 2536
[8/4/2015 14:13:44] Server 3584: 3584
[8/4/2015 14:13:44] Server 2536: 81
[8/4/2015 14:13:44] Server 3584: 147
[8/4/2015 14:13:44] Server 2536: 2536
[8/4/2015 14:13:44] Server 3584: 589
[8/4/2015 14:13:45] Server 2536: 2536
[8/4/2015 14:13:45] Server 3584: 3584
[8/4/2015 14:13:45] Server 2536: 2536
[8/4/2015 14:13:45] Server 3584: 3584
[8/4/2015 14:13:45] Server 2536: 2536
[8/4/2015 14:13:45] Server 3584: 3584
[8/4/2015 14:13:45] Server 2536: 2536
[8/4/2015 14:13:45] Server 3584: 3584
[8/4/2015 14:13:45] Server 2536: 2536
[8/4/2015 14:13:45] Server 3584: 3584
[8/4/2015 14:13:45] Server 2536: 2536
[8/4/2015 14:13:45] Server 3584: 3584
[8/4/2015 14:13:45] Server 2536: 88
[8/4/2015 14:13:45] Server 3584: 65
[8/4/2015 14:13:45] Server 2536: 200
[8/4/2015 14:13:45] Server 3584: 80
[8/4/2015 14:13:45] Server 2536: 2536
[8/4/2015 14:13:45] Server 3584: 3584
[8/4/2015 14:13:45] Server 2536: 2536
[8/4/2015 14:13:45] Server 3584: 3584
[8/4/2015 14:13:45] Server 2536: 2536
[8/4/2015 14:13:45] Server 3584: 3584
[8/4/2015 14:13:46] Server 2536: 2536
[8/4/2015 14:13:46] Server 3584: 3584
[8/4/2015 14:13:46] Server 2536: 2536
[8/4/2015 14:13:46] Server 3584: 3584
[8/4/2015 14:13:46] Server 2536: 2536
[8/4/2015 14:13:46] Server 3584: 3584
[8/4/2015 14:13:46] Server 2536: 2536
[8/4/2015 14:13:46] Server 3584: 3584
[8/4/2015 14:13:46] Server 2536: 2536
[8/4/2015 14:13:46] Server 3584: 3584
[8/4/2015 14:13:46] Server 2536: 2536
[8/4/2015 14:13:46] Server 3584: 3584
[8/4/2015 14:13:46] Server 2536: 667
[8/4/2015 14:13:46] Server 3584: 1715
[8/4/2015 14:13:46] Server 2536: 2536
[8/4/2015 14:13:46] Server 3584: 3584
[8/4/2015 14:13:46] Server 2536: 2536
[8/4/2015 14:13:46] Server 3584: 3584
[8/4/2015 14:13:46] Server 2536: 2536
[8/4/2015 14:13:46] Server 3584: 3584
[8/4/2015 14:13:46] Server 2536: 2536
[8/4/2015 14:13:46] Server 3584: 3584
[8/4/2015 14:13:47] Server 2536: 2536
[8/4/2015 14:13:47] Server 3584: 3584
[8/4/2015 14:13:47] Server 2536: 2536
[8/4/2015 14:13:47] Server 3584: 3584
[8/4/2015 14:13:47] Server 2536: 2536
[8/4/2015 14:13:47] Server 3584: 3584
[8/4/2015 14:13:47] Server 2536: 2536
[8/4/2015 14:13:47] Server 3584: 3584
[8/4/2015 14:13:47] Server 2536: 2536
[8/4/2015 14:13:47] Server 3584: 3584
[8/4/2015 14:13:47] Server 2536: 2536
[8/4/2015 14:13:47] Server 3584: 3584
[8/4/2015 14:13:47] Server 2536: 2536
[8/4/2015 14:13:47] Server 3584: 3584
[8/4/2015 14:13:47] Server 2536: 2536
[8/4/2015 14:13:47] Server 3584: 3584
[8/4/2015 14:13:47] Server 2536: 2536
[8/4/2015 14:13:47] Server 3584: 3584
[8/4/2015 14:13:47] Server 2536: 2536
[8/4/2015 14:13:47] Server 3584: 3584
[8/4/2015 14:13:48] Server 2536: 2536
[8/4/2015 14:13:48] Server 3584: 3584
[8/4/2015 14:13:48] Server 2536: 2536
[8/4/2015 14:13:48] Server 3584: 3584
[8/4/2015 14:13:48] Server 2536: 2536
[8/4/2015 14:13:48] Server 3584: 3584
[8/4/2015 14:13:48] Server 2536: 2536
[8/4/2015 14:13:48] Server 3584: 3584
[8/4/2015 14:13:48] Server 2536: 2536
[8/4/2015 14:13:48] Server 3584: 3584
[8/4/2015 14:13:48] Server 2536: 2536
[8/4/2015 14:13:48] Server 3584: 3584
[8/4/2015 14:13:48] Server 2536: 2536
[8/4/2015 14:13:48] Server 3584: 3584
[8/4/2015 14:13:48] Server 2536: 2536
[8/4/2015 14:13:48] Server 3584: 3584
[8/4/2015 14:13:48] Server 2536: 2536
[8/4/2015 14:13:48] Server 3584: 3584
[8/4/2015 14:13:48] Server 2536: 2536
[8/4/2015 14:13:49] Server 3584: 3584
[8/4/2015 14:13:49] Server 2536: 202
[8/4/2015 14:13:49] Server 3584: 472
[8/4/2015 14:13:49] Server 2536: 2536
[8/4/2015 14:13:49] Server 3584: 3584
[8/4/2015 14:13:49] Server 2536: 2536
[8/4/2015 14:13:49] Server 3584: 549
[8/4/2015 14:13:49] Server 2536: 2536
[8/4/2015 14:13:49] Server 3584: 3584
[8/4/2015 14:13:49] Server 2536: 694
[8/4/2015 14:13:49] Server 3584: 1742
[8/4/2015 14:13:49] Server 2536: 232
[8/4/2015 14:13:49] Server 3584: 128
[8/4/2015 14:13:49] Server 2536: 2536
[8/4/2015 14:13:49] Server 3584: 3584
[8/4/2015 14:13:49] Server 2536: 2536
[8/4/2015 14:13:49] Server 3584: 3584
[8/4/2015 14:13:49] Server 2536: 2536
[8/4/2015 14:13:49] Server 3584: 3584
[8/4/2015 14:13:50] Server 2536: 2536
[8/4/2015 14:13:50] Server 3584: 3584
[8/4/2015 14:13:50] Server 2536: 2536
[8/4/2015 14:13:50] Server 3584: 3584
[8/4/2015 14:13:50] Server 2536: 2536
[8/4/2015 14:13:50] Server 3584: 3584
[8/4/2015 14:13:50] Server 2536: 2536
[8/4/2015 14:13:50] Server 3584: 3584
[8/4/2015 14:13:50] Server 2536: 2536
[8/4/2015 14:13:50] Server 3584: 3584
[8/4/2015 14:13:50] Server 2536: 2536
[8/4/2015 14:13:50] Server 3584: 3584
[8/4/2015 14:13:50] Server 2536: 2536
[8/4/2015 14:13:50] Server 3584: 3584
[8/4/2015 14:13:50] Server 2536: 2536
[8/4/2015 14:13:50] Server 3584: 3584
[8/4/2015 14:13:50] Server 2536: 2536
[8/4/2015 14:13:50] Server 3584: 3584
[8/4/2015 14:13:50] Server 2536: 2536
[8/4/2015 14:13:50] Server 3584: 3584
[8/4/2015 14:13:51] Server 2536: 2536
[8/4/2015 14:13:51] Server 3584: 3584
[8/4/2015 14:13:51] Server 2536: 2536
[8/4/2015 14:13:51] Server 3584: 36
[8/4/2015 14:13:51] Server 2536: 2536
[8/4/2015 14:13:51] Server 3584: 3584
[8/4/2015 14:13:51] Client connected from 127.0.0.1:6848
[8/4/2015 14:13:51] Server 2536: 2536
[8/4/2015 14:13:51] Server 3584: 3584
[8/4/2015 14:13:51] Server 2536: 2536
[8/4/2015 14:13:51] Server 3584: 3584
[8/4/2015 14:13:51] Server 2536: 2536
[8/4/2015 14:13:51] Server 3584: 3584
[8/4/2015 14:13:51] Server 2536: 2536
[8/4/2015 14:13:51] Server 3584: 3584
[8/4/2015 14:13:51] Server 2536: 2536
[8/4/2015 14:13:51] Server 3584: 3584
[8/4/2015 14:13:51] Server 2536: 2536
[8/4/2015 14:13:51] Server 3584: 3584
[8/4/2015 14:13:51] Server 2536: 2536
[8/4/2015 14:13:51] Server 3584: 3584
[8/4/2015 14:13:52] Server 2536: 2536
[8/4/2015 14:13:52] Server 3584: 3584
[8/4/2015 14:13:52] Server 2536: 2536
[8/4/2015 14:13:52] Server 3584: 3584
[8/4/2015 14:13:52] Server 2536: 2536
[8/4/2015 14:13:52] Server 3584: 3584
[8/4/2015 14:13:52] Server 2536: 2536
[8/4/2015 14:13:52] Server 3584: 3584
[8/4/2015 14:13:52] Server 2536: 2536
[8/4/2015 14:13:52] Server 3584: 3584
[8/4/2015 14:13:52] Server 2536: 2536
[8/4/2015 14:13:52] Server 3584: 3584
[8/4/2015 14:13:52] Server 2536: 2536
[8/4/2015 14:13:52] Server 3584: 3584
[8/4/2015 14:13:52] Server 2536: 2536
[8/4/2015 14:13:52] Server 3584: 3584
[8/4/2015 14:13:52] Server 2536: 2536
[8/4/2015 14:13:52] Server 3584: 3584
[8/4/2015 14:13:52] Server 2536: 454
[8/4/2015 14:13:52] Server 3584: 1502
[8/4/2015 14:13:53] Server 2536: 2536
[8/4/2015 14:13:53] Server 3584: 3584
[8/4/2015 14:13:53] Server 2536: 2536
[8/4/2015 14:13:53] Server 3584: 3584
[8/4/2015 14:13:53] Server 2536: 2536
[8/4/2015 14:13:53] Server 3584: 3584
[8/4/2015 14:13:53] Server 2536: 2536
[8/4/2015 14:13:53] Server 3584: 3584
[8/4/2015 14:13:53] Server 2536: 2536
[8/4/2015 14:13:53] Server 3584: 3584
[8/4/2015 14:13:53] Server 2536: 2536
[8/4/2015 14:13:53] Server 3584: 3584
[8/4/2015 14:13:53] Server 2536: 2536
[8/4/2015 14:13:53] Server 3584: 3584
[8/4/2015 14:13:53] Server 2536: 2536
[8/4/2015 14:13:53] Server 3584: 3584
[8/4/2015 14:13:53] Server 2536: 2536
[8/4/2015 14:13:53] Server 3584: 3584
[8/4/2015 14:13:53] Server 2536: 230
[8/4/2015 14:13:53] Server 3584: 1278
[8/4/2015 14:13:54] Server 2536: 2536
[8/4/2015 14:13:54] Server 3584: 3584
[8/4/2015 14:13:54] Server 2536: 2536
[8/4/2015 14:13:54] Server 3584: 3584
[8/4/2015 14:13:54] Server 2536: 2536
[8/4/2015 14:13:54] Server 3584: 3584
[8/4/2015 14:13:54] Server 2536: 2536
[8/4/2015 14:13:54] Server 3584: 3584
[8/4/2015 14:13:54] Server 2536: 2536
[8/4/2015 14:13:54] Server 3584: 3584
[8/4/2015 14:13:54] Server 2536: 2536
[8/4/2015 14:13:54] Server 3584: 3584
[8/4/2015 14:13:54] Server 2536: 2536
[8/4/2015 14:13:54] Server 3584: 3584
[8/4/2015 14:13:54] Server 2536: 2536
[8/4/2015 14:13:54] Server 3584: 3584
[8/4/2015 14:13:54] Server 2536: 2536
[8/4/2015 14:13:54] Server 3584: 3584
[8/4/2015 14:13:54] Server 2536: 2536
[8/4/2015 14:13:54] Server 3584: 3584
[8/4/2015 14:13:55] Server 2536: 2536
[8/4/2015 14:13:55] Server 3584: 3584
[8/4/2015 14:13:55] Server 2536: 2536
[8/4/2015 14:13:55] Server 3584: 3584
[8/4/2015 14:13:55] Server 2536: 2536
[8/4/2015 14:13:55] Server 3584: 3584
[8/4/2015 14:13:55] Server 2536: 2536
[8/4/2015 14:13:55] Server 3584: 3584
[8/4/2015 14:13:55] Server 2536: 2536
[8/4/2015 14:13:55] Server 3584: 3584
[8/4/2015 14:13:55] Server 2536: 2536
[8/4/2015 14:13:55] Server 3584: 3584
[8/4/2015 14:13:55] Server 2536: 2536
[8/4/2015 14:13:55] Server 3584: 3584
[8/4/2015 14:13:55] Server 2536: 2536
[8/4/2015 14:13:55] Server 3584: 3584
[8/4/2015 14:13:55] Server 2536: 2536
[8/4/2015 14:13:55] Server 3584: 3584
[8/4/2015 14:13:55] Server 2536: 2536
[8/4/2015 14:13:55] Server 3584: 3584
[8/4/2015 14:13:56] Server 2536: 2536
[8/4/2015 14:13:56] Server 3584: 3584
[8/4/2015 14:13:56] Server 2536: 2536
[8/4/2015 14:13:56] Server 3584: 3584
[8/4/2015 14:13:56] Server 2536: 2536
[8/4/2015 14:13:56] Server 3584: 3584
[8/4/2015 14:13:56] Server 2536: 236
[8/4/2015 14:13:56] Server 3584: 134
[8/4/2015 14:13:56] Server 2536: 2536
[8/4/2015 14:13:56] Server 3584: 3584
[8/4/2015 14:13:56] Server 2536: 2536
[8/4/2015 14:13:56] Server 3584: 3584
[8/4/2015 14:13:56] Server 2536: 2536
[8/4/2015 14:13:56] Server 3584: 3584
[8/4/2015 14:13:56] Server 2536: 2536
[8/4/2015 14:13:56] Server 3584: 154
[8/4/2015 14:13:56] Server 2536: 2536
[8/4/2015 14:13:56] Server 3584: 3584
[8/4/2015 14:13:57] Server 2536: 2536
[8/4/2015 14:13:57] Server 3584: 3584
[8/4/2015 14:13:57] Server 2536: 2536
[8/4/2015 14:13:57] Server 3584: 3584
[8/4/2015 14:13:57] Server 2536: 2536
[8/4/2015 14:13:57] Server 3584: 3584
[8/4/2015 14:13:57] Server 2536: 2536
[8/4/2015 14:13:57] Server 3584: 3584
[8/4/2015 14:13:57] Server 2536: 2536
[8/4/2015 14:13:57] Server 3584: 3584
[8/4/2015 14:13:57] Server 2536: 2536
[8/4/2015 14:13:57] Server 3584: 3584
[8/4/2015 14:13:57] Server 2536: 2536
[8/4/2015 14:13:57] Server 3584: 3584
[8/4/2015 14:13:57] Server 2536: 2536
[8/4/2015 14:13:57] Server 3584: 3584
[8/4/2015 14:13:57] Server 2536: 2536
[8/4/2015 14:13:57] Server 3584: 3584
[8/4/2015 14:13:58] Server 2536: 2536
[8/4/2015 14:13:58] Server 3584: 3584
[8/4/2015 14:13:58] Server 2536: 2536
[8/4/2015 14:13:58] Server 3584: 3584
[8/4/2015 14:13:58] Client connected from 127.0.0.1:7104
[8/4/2015 14:13:58] Server 2536: 2536
[8/4/2015 14:13:58] Server 3584: 3584
[8/4/2015 14:13:58] Server 2536: 2536
[8/4/2015 14:13:58] Server 3584: 3584
[8/4/2015 14:13:58] Server 2536: 2536
[8/4/2015 14:13:58] Server 3584: 3584
[8/4/2015 14:13:58] Server 2536: 2536
[8/4/2015 14:13:58] Server 3584: 3584
[8/4/2015 14:13:58] Server 2536: 2536
[8/4/2015 14:13:58] Server 3584: 3584
[8/4/2015 14:13:58] Server 2536: 2536
[8/4/2015 14:13:58] Server 3584: 3584
[8/4/2015 14:13:58] Server 2536: 2536
[8/4/2015 14:13:58] Server 3584: 3584
[8/4/2015 14:13:59] Server 2536: 2536
[8/4/2015 14:13:59] Server 3584: 3584
[8/4/2015 14:13:59] Server 2536: 736
[8/4/2015 14:13:59] Server 3584: 884
[8/4/2015 14:13:59] Server 2536: 2536
[8/4/2015 14:13:59] Server 3584: 3584
[8/4/2015 14:13:59] Server 2536: 2536
[8/4/2015 14:13:59] Server 3584: 3584
[8/4/2015 14:13:59] Server 2536: 881
[8/4/2015 14:13:59] Server 3584: 274
[8/4/2015 14:13:59] Server 2536: 2536
[8/4/2015 14:13:59] Server 3584: 3584
[8/4/2015 14:13:59] Server 2536: 2536
[8/4/2015 14:13:59] Server 3584: 3584
[8/4/2015 14:13:59] Server 2536: 2536
[8/4/2015 14:13:59] Server 3584: 3584
[8/4/2015 14:13:59] Server 2536: 2536
[8/4/2015 14:13:59] Server 3584: 3584
[8/4/2015 14:14:0] Server 2536: 2536
[8/4/2015 14:14:0] Server 3584: 3584
[8/4/2015 14:14:0] Server 2536: 2536
[8/4/2015 14:14:0] Server 3584: 3584
[8/4/2015 14:14:0] Server 2536: 2536
[8/4/2015 14:14:0] Server 3584: 3584
[8/4/2015 14:14:0] Server 2536: 2536
[8/4/2015 14:14:0] Server 3584: 3584
[8/4/2015 14:14:0] Server 2536: 2536
[8/4/2015 14:14:0] Server 3584: 3584
[8/4/2015 14:14:0] Server 2536: 2536
[8/4/2015 14:14:0] Server 3584: 3584
[8/4/2015 14:14:0] Server 2536: 2536
[8/4/2015 14:14:0] Server 3584: 3584
[8/4/2015 14:14:0] Server 2536: 2536
[8/4/2015 14:14:0] Server 3584: 3584
[8/4/2015 14:14:0] Server 2536: 2536
[8/4/2015 14:14:0] Server 3584: 3584
[8/4/2015 14:14:1] Server 2536: 2536
[8/4/2015 14:14:1] Server 3584: 3584
[8/4/2015 14:14:1] Server 2536: 2536
[8/4/2015 14:14:1] Server 3584: 3584
[8/4/2015 14:14:1] Server 2536: 2536
[8/4/2015 14:14:1] Server 3584: 3584
[8/4/2015 14:14:1] Server 2536: 2536
[8/4/2015 14:14:1] Server 3584: 3584
[8/4/2015 14:14:1] Server 2536: 2536
[8/4/2015 14:14:1] Server 3584: 3584
[8/4/2015 14:14:1] Server 2536: 2536
[8/4/2015 14:14:1] Server 3584: 3584
[8/4/2015 14:14:1] Server 2536: 2536
[8/4/2015 14:14:1] Server 3584: 3584
[8/4/2015 14:14:1] Server 2536: 2536
[8/4/2015 14:14:1] Server 3584: 3584
[8/4/2015 14:14:1] Server 2536: 2536
[8/4/2015 14:14:1] Server 3584: 3584
[8/4/2015 14:14:2] Server 2536: 45
[8/4/2015 14:14:2] Server 3584: 33
[8/4/2015 14:14:2] Server 2536: 537
[8/4/2015 14:14:2] Server 3584: 1585
[8/4/2015 14:14:2] Server 2536: 2536
[8/4/2015 14:14:2] Server 3584: 3584
[8/4/2015 14:14:2] Server 2536: 2536
[8/4/2015 14:14:2] Server 3584: 3584
[8/4/2015 14:14:2] Server 2536: 2536
[8/4/2015 14:14:2] Server 3584: 3584
[8/4/2015 14:14:2] Server 2536: 2536
[8/4/2015 14:14:2] Server 3584: 3584
[8/4/2015 14:14:2] Server 2536: 2536
[8/4/2015 14:14:2] Server 3584: 3584
[8/4/2015 14:14:2] Server 2536: 201
[8/4/2015 14:14:2] Server 3584: 315
[8/4/2015 14:14:2] Server 2536: 2536
[8/4/2015 14:14:2] Server 3584: 3584
[8/4/2015 14:14:3] Server 2536: 2536
[8/4/2015 14:14:3] Server 3584: 3584
[8/4/2015 14:14:3] Server 2536: 2536
[8/4/2015 14:14:3] Server 3584: 3584
[8/4/2015 14:14:3] Server 2536: 2536
[8/4/2015 14:14:3] Server 3584: 3584
[8/4/2015 14:14:3] Server 2536: 2536
[8/4/2015 14:14:3] Server 3584: 3584
[8/4/2015 14:14:3] Server 2536: 115
[8/4/2015 14:14:3] Server 3584: 1163
[8/4/2015 14:14:3] Server 2536: 2536
[8/4/2015 14:14:3] Server 3584: 3584
[8/4/2015 14:14:3] Server 2536: 2536
[8/4/2015 14:14:3] Server 3584: 3584
[8/4/2015 14:14:3] Server 2536: 2536
[8/4/2015 14:14:3] Server 3584: 3584
[8/4/2015 14:14:3] Server 2536: 2536
[8/4/2015 14:14:3] Server 3584: 3584
[8/4/2015 14:14:4] Server 2536: 2536
[8/4/2015 14:14:4] Server 3584: 3584
[8/4/2015 14:14:4] Server 2536: 2536
[8/4/2015 14:14:4] Server 3584: 3584
[8/4/2015 14:14:4] Server 2536: 2536
[8/4/2015 14:14:4] Server 3584: 3584
[8/4/2015 14:14:4] Server 2536: 2536
[8/4/2015 14:14:4] Server 3584: 3584
[8/4/2015 14:14:4] Server 2536: 2536
[8/4/2015 14:14:4] Server 3584: 3584
[8/4/2015 14:14:4] Server 2536: 2536
[8/4/2015 14:14:4] Server 3584: 3584
[8/4/2015 14:14:4] Server 2536: 2536
[8/4/2015 14:14:4] Server 3584: 3584
[8/4/2015 14:14:4] Server 2536: 2536
[8/4/2015 14:14:4] Server 3584: 3584
[8/4/2015 14:14:4] Server 2536: 2536
[8/4/2015 14:14:4] Server 3584: 3584
[8/4/2015 14:14:5] Server 2536: 2536
[8/4/2015 14:14:5] Server 3584: 3584
[8/4/2015 14:14:5] Server 2536: 2536
[8/4/2015 14:14:5] Server 3584: 3584
[8/4/2015 14:14:5] Server 2536: 2536
[8/4/2015 14:14:5] Server 3584: 3584
[8/4/2015 14:14:5] Server 2536: 2536
[8/4/2015 14:14:5] Server 3584: 3584
[8/4/2015 14:14:5] Server 2536: 2536
[8/4/2015 14:14:5] Server 3584: 3584
[8/4/2015 14:14:5] Server 2536: 2536
[8/4/2015 14:14:5] Server 3584: 3584
[8/4/2015 14:14:5] Server 2536: 2536
[8/4/2015 14:14:5] Server 3584: 3584
[8/4/2015 14:14:5] Server 2536: 2536
[8/4/2015 14:14:5] Server 3584: 389
[8/4/2015 14:14:5] Server 2536: 2536
[8/4/2015 14:14:6] Server 3584: 3584
[8/4/2015 14:14:6] Shutting down.

