[8/4/2015 13:59:47] Event.ThreadReader is starting.
[8/4/2015 13:59:47] Waining for Event
[8/4/2015 13:59:47] Get Event
[8/4/2015 13:59:47] Reader 0 get data: "writer_id = 0 numMsg=   0" from position 0
[8/4/2015 13:59:47] Release Event
[8/4/2015 13:59:47] Waining for Event
[8/4/2015 13:59:47] Get Event
[8/4/2015 13:59:47] Reader 0 get data: "writer_id = 3 numMsg=   0" from position 7
[8/4/2015 13:59:47] Release Event
[8/4/2015 13:59:47] Waining for Event
[8/4/2015 13:59:47] Get Event
[8/4/2015 13:59:47] Release Event
[8/4/2015 13:59:47] Waining for Event
[8/4/2015 13:59:47] Get Event
[8/4/2015 13:59:47] Release Event
[8/4/2015 13:59:47] Waining for Event
[8/4/2015 13:59:47] Get Event
[8/4/2015 13:59:47] Reader 0 get data: "writer_id = 2 numMsg=   2" from position 3
[8/4/2015 13:59:47] Release Event
[8/4/2015 13:59:48] Waining for Event
[8/4/2015 13:59:48] Get Event
[8/4/2015 13:59:48] Reader 0 get data: "writer_id = 5 numMsg=   2" from position 9
[8/4/2015 13:59:48] Release Event
[8/4/2015 13:59:48] Waining for Event
[8/4/2015 13:59:48] Get Event
[8/4/2015 13:59:48] Release Event
[8/4/2015 13:59:48] Waining for Event
[8/4/2015 13:59:48] Get Event
[8/4/2015 13:59:48] Release Event
[8/4/2015 13:59:48] Waining for Event
[8/4/2015 13:59:48] Get Event
[8/4/2015 13:59:48] Reader 0 get data: "writer_id = 9 numMsg=   4" from position 8
[8/4/2015 13:59:48] Release Event
[8/4/2015 13:59:48] Waining for Event
[8/4/2015 13:59:48] Get Event
[8/4/2015 13:59:48] Release Event
[8/4/2015 13:59:48] Waining for Event
[8/4/2015 13:59:48] Get Event
[8/4/2015 13:59:48] Reader 0 get data: "writer_id = 9 numMsg=   5" from position 8
[8/4/2015 13:59:48] Release Event
[8/4/2015 13:59:48] Waining for Event
[8/4/2015 13:59:48] Get Event
[8/4/2015 13:59:48] Release Event
[8/4/2015 13:59:49] Waining for Event
[8/4/2015 13:59:49] Get Event
[8/4/2015 13:59:49] Release Event
[8/4/2015 13:59:49] Waining for Event
[8/4/2015 13:59:49] Get Event
[8/4/2015 13:59:49] Release Event
[8/4/2015 13:59:49] Waining for Event
[8/4/2015 13:59:49] Get Event
[8/4/2015 13:59:49] Release Event
[8/4/2015 13:59:49] Waining for Event
[8/4/2015 13:59:49] Get Event
[8/4/2015 13:59:49] Release Event
[8/4/2015 13:59:49] Waining for Event
[8/4/2015 13:59:49] Get Event
[8/4/2015 13:59:49] Release Event
[8/4/2015 13:59:49] Waining for Event
[8/4/2015 13:59:49] Get Event
[8/4/2015 13:59:49] Release Event
[8/4/2015 13:59:49] Waining for Event
[8/4/2015 13:59:49] Get Event
[8/4/2015 13:59:49] Reader 0 get data: "writer_id = 5 numMsg=   9" from position 9
[8/4/2015 13:59:49] Release Event
[8/4/2015 13:59:49] Waining for Event
[8/4/2015 13:59:49] Get Event
[8/4/2015 13:59:49] Reader 0 get data: "writer_id = 4 numMsg=  10" from position 4
[8/4/2015 13:59:49] Release Event
[8/4/2015 13:59:50] Waining for Event
[8/4/2015 13:59:50] Get Event
[8/4/2015 13:59:50] Release Event
[8/4/2015 13:59:50] Waining for Event
[8/4/2015 13:59:50] Get Event
[8/4/2015 13:59:50] Reader 0 get data: "writer_id = 4 numMsg=  11" from position 4
[8/4/2015 13:59:50] Release Event
[8/4/2015 13:59:50] Waining for Event
[8/4/2015 13:59:50] Get Event
[8/4/2015 13:59:50] Reader 0 get data: "writer_id = 5 numMsg=  11" from position 9
[8/4/2015 13:59:50] Release Event
[8/4/2015 13:59:50] Waining for Event
[8/4/2015 13:59:50] Get Event
[8/4/2015 13:59:50] Reader 0 get data: "writer_id = 4 numMsg=  12" from position 4
[8/4/2015 13:59:50] Release Event
[8/4/2015 13:59:50] Waining for Event
[8/4/2015 13:59:50] Get Event
[8/4/2015 13:59:50] Release Event
[8/4/2015 13:59:50] Waining for Event
[8/4/2015 13:59:50] Get Event
[8/4/2015 13:59:50] Release Event
[8/4/2015 13:59:50] Waining for Event
[8/4/2015 13:59:50] Get Event
[8/4/2015 13:59:50] Reader 0 get data: "writer_id = 5 numMsg=  13" from position 9
[8/4/2015 13:59:50] Release Event
[8/4/2015 13:59:50] Reader 0 finishing work
[8/4/2015 13:59:50] Shutting down.

