[8/4/2015 13:59:47] Event.ThreadReader is starting.
[8/4/2015 13:59:47] Waining for Event
[8/4/2015 13:59:47] Get Event
[8/4/2015 13:59:47] Reader 6 get data: "writer_id = 6 numMsg=   0" from position 1
[8/4/2015 13:59:47] Release Event
[8/4/2015 13:59:47] Waining for Event
[8/4/2015 13:59:47] Get Event
[8/4/2015 13:59:47] Reader 6 get data: "writer_id = 9 numMsg=   0" from position 8
[8/4/2015 13:59:47] Release Event
[8/4/2015 13:59:47] Waining for Event
[8/4/2015 13:59:47] Get Event
[8/4/2015 13:59:47] Reader 6 get data: "writer_id = 7 numMsg=   1" from position 2
[8/4/2015 13:59:47] Release Event
[8/4/2015 13:59:47] Waining for Event
[8/4/2015 13:59:47] Get Event
[8/4/2015 13:59:47] Release Event
[8/4/2015 13:59:47] Waining for Event
[8/4/2015 13:59:47] Get Event
[8/4/2015 13:59:47] Reader 6 get data: "writer_id = 4 numMsg=   2" from position 4
[8/4/2015 13:59:47] Release Event
[8/4/2015 13:59:48] Waining for Event
[8/4/2015 13:59:48] Get Event
[8/4/2015 13:59:48] Reader 6 get data: "writer_id = 0 numMsg=   3" from position 0
[8/4/2015 13:59:48] Release Event
[8/4/2015 13:59:48] Waining for Event
[8/4/2015 13:59:48] Get Event
[8/4/2015 13:59:48] Release Event
[8/4/2015 13:59:48] Waining for Event
[8/4/2015 13:59:48] Get Event
[8/4/2015 13:59:48] Release Event
[8/4/2015 13:59:48] Waining for Event
[8/4/2015 13:59:48] Get Event
[8/4/2015 13:59:48] Release Event
[8/4/2015 13:59:48] Waining for Event
[8/4/2015 13:59:48] Get Event
[8/4/2015 13:59:48] Release Event
[8/4/2015 13:59:48] Waining for Event
[8/4/2015 13:59:48] Get Event
[8/4/2015 13:59:48] Release Event
[8/4/2015 13:59:48] Waining for Event
[8/4/2015 13:59:48] Get Event
[8/4/2015 13:59:48] Release Event
[8/4/2015 13:59:49] Waining for Event
[8/4/2015 13:59:49] Get Event
[8/4/2015 13:59:49] Release Event
[8/4/2015 13:59:49] Waining for Event
[8/4/2015 13:59:49] Get Event
[8/4/2015 13:59:49] Release Event
[8/4/2015 13:59:49] Waining for Event
[8/4/2015 13:59:49] Get Event
[8/4/2015 13:59:49] Release Event
[8/4/2015 13:59:49] Waining for Event
[8/4/2015 13:59:49] Get Event
[8/4/2015 13:59:49] Release Event
[8/4/2015 13:59:49] Waining for Event
[8/4/2015 13:59:49] Get Event
[8/4/2015 13:59:49] Release Event
[8/4/2015 13:59:49] Waining for Event
[8/4/2015 13:59:49] Get Event
[8/4/2015 13:59:49] Release Event
[8/4/2015 13:59:49] Waining for Event
[8/4/2015 13:59:49] Get Event
[8/4/2015 13:59:49] Release Event
[8/4/2015 13:59:49] Waining for Event
[8/4/2015 13:59:49] Get Event
[8/4/2015 13:59:49] Release Event
[8/4/2015 13:59:50] Waining for Event
[8/4/2015 13:59:50] Get Event
[8/4/2015 13:59:50] Reader 6 get data: "writer_id = 0 numMsg=  11" from position 0
[8/4/2015 13:59:50] Release Event
[8/4/2015 13:59:50] Waining for Event
[8/4/2015 13:59:50] Get Event
[8/4/2015 13:59:50] Reader 6 get data: "writer_id = 8 numMsg=  11" from position 6
[8/4/2015 13:59:50] Release Event
[8/4/2015 13:59:50] Waining for Event
[8/4/2015 13:59:50] Get Event
[8/4/2015 13:59:50] Reader 6 get data: "writer_id = 6 numMsg=  12" from position 1
[8/4/2015 13:59:50] Release Event
[8/4/2015 13:59:50] Waining for Event
[8/4/2015 13:59:50] Get Event
[8/4/2015 13:59:50] Release Event
[8/4/2015 13:59:50] Waining for Event
[8/4/2015 13:59:50] Get Event
[8/4/2015 13:59:50] Release Event
[8/4/2015 13:59:50] Waining for Event
[8/4/2015 13:59:50] Get Event
[8/4/2015 13:59:50] Reader 6 get data: "writer_id = 1 numMsg=  13" from position 5
[8/4/2015 13:59:50] Release Event
[8/4/2015 13:59:50] Reader 6 finishing work
[8/4/2015 13:59:50] Shutting down.

