[8/4/2015 13:59:47] Event.ThreadWriter is starting.
[8/4/2015 13:59:47] Waining for Event
[8/4/2015 13:59:47] Get Event
[8/4/2015 13:59:47] Writer 8 put data: "writer_id = 8 numMsg=   0" in position 6
[8/4/2015 13:59:47] Set Event
[8/4/2015 13:59:47] Waining for Event
[8/4/2015 13:59:47] Get Event
[8/4/2015 13:59:47] Writer 8 put data: "writer_id = 8 numMsg=   1" in position 6
[8/4/2015 13:59:47] Set Event
[8/4/2015 13:59:47] Waining for Event
[8/4/2015 13:59:48] Get Event
[8/4/2015 13:59:48] Writer 8 put data: "writer_id = 8 numMsg=   2" in position 6
[8/4/2015 13:59:48] Set Event
[8/4/2015 13:59:48] Waining for Event
[8/4/2015 13:59:48] Get Event
[8/4/2015 13:59:48] Writer 8 put data: "writer_id = 8 numMsg=   3" in position 6
[8/4/2015 13:59:48] Set Event
[8/4/2015 13:59:48] Waining for Event
[8/4/2015 13:59:48] Get Event
[8/4/2015 13:59:48] Writer 8 put data: "writer_id = 8 numMsg=   4" in position 6
[8/4/2015 13:59:48] Set Event
[8/4/2015 13:59:48] Waining for Event
[8/4/2015 13:59:48] Get Event
[8/4/2015 13:59:48] Writer 8 put data: "writer_id = 8 numMsg=   5" in position 6
[8/4/2015 13:59:48] Set Event
[8/4/2015 13:59:49] Waining for Event
[8/4/2015 13:59:49] Get Event
[8/4/2015 13:59:49] Writer 8 put data: "writer_id = 8 numMsg=   6" in position 6
[8/4/2015 13:59:49] Set Event
[8/4/2015 13:59:49] Waining for Event
[8/4/2015 13:59:49] Get Event
[8/4/2015 13:59:49] Writer 8 put data: "writer_id = 8 numMsg=   7" in position 6
[8/4/2015 13:59:49] Set Event
[8/4/2015 13:59:49] Waining for Event
[8/4/2015 13:59:49] Get Event
[8/4/2015 13:59:49] Writer 8 put data: "writer_id = 8 numMsg=   8" in position 6
[8/4/2015 13:59:49] Set Event
[8/4/2015 13:59:49] Waining for Event
[8/4/2015 13:59:49] Get Event
[8/4/2015 13:59:49] Writer 8 put data: "writer_id = 8 numMsg=   9" in position 6
[8/4/2015 13:59:49] Set Event
[8/4/2015 13:59:49] Waining for Event
[8/4/2015 13:59:49] Get Event
[8/4/2015 13:59:49] Writer 8 put data: "writer_id = 8 numMsg=  10" in position 6
[8/4/2015 13:59:49] Set Event
[8/4/2015 13:59:50] Waining for Event
[8/4/2015 13:59:50] Get Event
[8/4/2015 13:59:50] Writer 8 put data: "writer_id = 8 numMsg=  11" in position 6
[8/4/2015 13:59:50] Set Event
[8/4/2015 13:59:50] Waining for Event
[8/4/2015 13:59:50] Get Event
[8/4/2015 13:59:50] Writer 8 put data: "writer_id = 8 numMsg=  12" in position 6
[8/4/2015 13:59:50] Set Event
[8/4/2015 13:59:50] Waining for Event
[8/4/2015 13:59:50] Get Event
[8/4/2015 13:59:50] Writer 8 put data: "writer_id = 8 numMsg=  13" in position 6
[8/4/2015 13:59:50] Set Event
[8/4/2015 13:59:50] Writer 8 finishing work
[8/4/2015 13:59:50] Shutting down.

