[8/4/2015 13:56:2] Semaphore.ThreadWriter is starting.
[8/4/2015 13:56:2] Waining for Semaphore
[8/4/2015 13:56:2] Get Semaphore
[8/4/2015 13:56:2] Writer 4 put data: "writer_id = 4 numMsg=   0" in position 9
[8/4/2015 13:56:2] Release Semaphore
[8/4/2015 13:56:2] Waining for Semaphore
[8/4/2015 13:56:2] Get Semaphore
[8/4/2015 13:56:2] Writer 4 put data: "writer_id = 4 numMsg=   1" in position 9
[8/4/2015 13:56:2] Release Semaphore
[8/4/2015 13:56:2] Waining for Semaphore
[8/4/2015 13:56:2] Get Semaphore
[8/4/2015 13:56:2] Writer 4 put data: "writer_id = 4 numMsg=   2" in position 9
[8/4/2015 13:56:2] Release Semaphore
[8/4/2015 13:56:3] Waining for Semaphore
[8/4/2015 13:56:3] Get Semaphore
[8/4/2015 13:56:3] Writer 4 put data: "writer_id = 4 numMsg=   3" in position 9
[8/4/2015 13:56:3] Release Semaphore
[8/4/2015 13:56:3] Waining for Semaphore
[8/4/2015 13:56:3] Get Semaphore
[8/4/2015 13:56:3] Writer 4 put data: "writer_id = 4 numMsg=   4" in position 9
[8/4/2015 13:56:3] Release Semaphore
[8/4/2015 13:56:3] Waining for Semaphore
[8/4/2015 13:56:3] Get Semaphore
[8/4/2015 13:56:3] Writer 4 put data: "writer_id = 4 numMsg=   5" in position 9
[8/4/2015 13:56:3] Release Semaphore
[8/4/2015 13:56:3] Waining for Semaphore
[8/4/2015 13:56:3] Get Semaphore
[8/4/2015 13:56:3] Writer 4 put data: "writer_id = 4 numMsg=   6" in position 9
[8/4/2015 13:56:3] Release Semaphore
[8/4/2015 13:56:4] Waining for Semaphore
[8/4/2015 13:56:4] Get Semaphore
[8/4/2015 13:56:4] Writer 4 put data: "writer_id = 4 numMsg=   7" in position 9
[8/4/2015 13:56:4] Release Semaphore
[8/4/2015 13:56:4] Waining for Semaphore
[8/4/2015 13:56:4] Get Semaphore
[8/4/2015 13:56:4] Writer 4 put data: "writer_id = 4 numMsg=   8" in position 9
[8/4/2015 13:56:4] Release Semaphore
[8/4/2015 13:56:4] Waining for Semaphore
[8/4/2015 13:56:4] Get Semaphore
[8/4/2015 13:56:4] Writer 4 put data: "writer_id = 4 numMsg=   9" in position 8
[8/4/2015 13:56:4] Release Semaphore
[8/4/2015 13:56:4] Waining for Semaphore
[8/4/2015 13:56:4] Get Semaphore
[8/4/2015 13:56:4] Writer 4 put data: "writer_id = 4 numMsg=  10" in position 8
[8/4/2015 13:56:4] Release Semaphore
[8/4/2015 13:56:4] Waining for Semaphore
[8/4/2015 13:56:4] Get Semaphore
[8/4/2015 13:56:4] Writer 4 put data: "writer_id = 4 numMsg=  11" in position 8
[8/4/2015 13:56:4] Release Semaphore
[8/4/2015 13:56:4] Waining for Semaphore
[8/4/2015 13:56:4] Get Semaphore
[8/4/2015 13:56:4] Writer 4 put data: "writer_id = 4 numMsg=  12" in position 8
[8/4/2015 13:56:4] Release Semaphore
[8/4/2015 13:56:5] Waining for Semaphore
[8/4/2015 13:56:5] Get Semaphore
[8/4/2015 13:56:5] Writer 4 put data: "writer_id = 4 numMsg=  13" in position 8
[8/4/2015 13:56:5] Release Semaphore
[8/4/2015 13:56:5] Writer 4 finishing work
[8/4/2015 13:56:5] Shutting down.

