[8/4/2015 14:12:32] ReaderWriterServer is starting.
[8/4/2015 14:12:32] Server is started.


[8/4/2015 14:12:32] Time Manager creation!
[8/4/2015 14:12:32] Writers creation!
[8/4/2015 14:12:32] Writer thread 3352 started![8/4/2015 14:12:32] Waiting for connect...[8/4/2015 14:12:32] Writer thread 776 started!
[8/4/2015 14:12:32] Writer: Waining for Slim Reader/Writer (SRW) Lock
[8/4/2015 14:12:32] Writer: Get SRW Lock
[8/4/2015 14:12:32] Server 3352: send msg: 1
[8/4/2015 14:12:32] Writer: Release SRW Lock


[8/4/2015 14:12:32] Try to create named pipe on \\.\pipe\$$MyPipe$$
[8/4/2015 14:12:32] Named pipe created successfully!
[8/4/2015 14:12:32] Writer: Waining for Slim Reader/Writer (SRW) Lock
[8/4/2015 14:12:32] Writer: Get SRW Lock
[8/4/2015 14:12:32] Server 3352: send msg: 2
[8/4/2015 14:12:32] Writer: Release SRW Lock
[8/4/2015 14:12:32] Writer: Waining for Slim Reader/Writer (SRW) Lock
[8/4/2015 14:12:32] Writer: Get SRW Lock
[8/4/2015 14:12:32] Server 3352: send msg: 3
[8/4/2015 14:12:32] Writer: Release SRW Lock
[8/4/2015 14:12:32] Writer: Waining for Slim Reader/Writer (SRW) Lock
[8/4/2015 14:12:32] Writer: Get SRW Lock
[8/4/2015 14:12:32] Server 3352: send msg: 4
[8/4/2015 14:12:32] Writer: Release SRW Lock
[8/4/2015 14:12:32] Writer: Waining for Slim Reader/Writer (SRW) Lock
[8/4/2015 14:12:32] Writer: Get SRW Lock
[8/4/2015 14:12:32] Server 3352: send msg: 5
[8/4/2015 14:12:32] Writer: Release SRW Lock
[8/4/2015 14:12:33] Client connected!
[8/4/2015 14:12:33] Try to create named pipe on \\.\pipe\$$MyPipe$$[8/4/2015 14:12:33] Thread 1800 started!
[8/4/2015 14:12:33] Named pipe created successfully!
[8/4/2015 14:12:33] Waining for Slim Reader/Writer (SRW) Lock

[8/4/2015 14:12:33] Writer: Waining for Slim Reader/Writer (SRW) Lock
[8/4/2015 14:12:33] Writer: Get SRW Lock
[8/4/2015 14:12:33] Server 3352: send msg: 6
[8/4/2015 14:12:33] Writer: Release SRW Lock
[8/4/2015 14:12:33] Get SRW Lock
[8/4/2015 14:12:33] Client 1800: get msg: 6
[8/4/2015 14:12:33] Release SRW Lock
[8/4/2015 14:12:33] Waining for Slim Reader/Writer (SRW) Lock
[8/4/2015 14:12:33] Writer: Waining for Slim Reader/Writer (SRW) Lock
[8/4/2015 14:12:33] Writer: Get SRW Lock
[8/4/2015 14:12:33] Server 3352: send msg: 7
[8/4/2015 14:12:33] Writer: Release SRW Lock
[8/4/2015 14:12:33] Get SRW Lock
[8/4/2015 14:12:33] Client 1800: get msg: 7
[8/4/2015 14:12:33] Release SRW Lock
[8/4/2015 14:12:33] Waining for Slim Reader/Writer (SRW) Lock
[8/4/2015 14:12:33] Writer: Waining for Slim Reader/Writer (SRW) Lock
[8/4/2015 14:12:33] Writer: Get SRW Lock
[8/4/2015 14:12:33] Server 3352: send msg: 8
[8/4/2015 14:12:33] Writer: Release SRW Lock
[8/4/2015 14:12:33] Get SRW Lock
[8/4/2015 14:12:33] Client 1800: get msg: 8
[8/4/2015 14:12:33] Release SRW Lock
[8/4/2015 14:12:33] Waining for Slim Reader/Writer (SRW) Lock
[8/4/2015 14:12:33] Writer: Waining for Slim Reader/Writer (SRW) Lock
[8/4/2015 14:12:33] Writer: Get SRW Lock
[8/4/2015 14:12:33] Server 3352: send msg: 9
[8/4/2015 14:12:33] Writer: Release SRW Lock
[8/4/2015 14:12:33] Get SRW Lock
[8/4/2015 14:12:33] Client 1800: get msg: 9
[8/4/2015 14:12:33] Release SRW Lock
[8/4/2015 14:12:34] Waining for Slim Reader/Writer (SRW) Lock
[8/4/2015 14:12:34] Writer: Waining for Slim Reader/Writer (SRW) Lock
[8/4/2015 14:12:34] Writer: Get SRW Lock
[8/4/2015 14:12:34] Server 3352: send msg: 10
[8/4/2015 14:12:34] Writer: Release SRW Lock
[8/4/2015 14:12:34] Get SRW Lock
[8/4/2015 14:12:34] Client 1800: get msg: 10
[8/4/2015 14:12:34] Release SRW Lock
[8/4/2015 14:12:34] Waining for Slim Reader/Writer (SRW) Lock
[8/4/2015 14:12:34] Writer: Waining for Slim Reader/Writer (SRW) Lock
[8/4/2015 14:12:34] Writer: Get SRW Lock
[8/4/2015 14:12:34] Server 3352: send msg: 11
[8/4/2015 14:12:34] Writer: Release SRW Lock
[8/4/2015 14:12:34] Get SRW Lock
[8/4/2015 14:12:34] Client 1800: get msg: 11
[8/4/2015 14:12:34] Release SRW Lock
[8/4/2015 14:12:34] Waining for Slim Reader/Writer (SRW) Lock
[8/4/2015 14:12:34] Writer: Waining for Slim Reader/Writer (SRW) Lock
[8/4/2015 14:12:34] Writer: Get SRW Lock
[8/4/2015 14:12:34] Server 3352: send msg: 12
[8/4/2015 14:12:34] Writer: Release SRW Lock
[8/4/2015 14:12:34] Get SRW Lock
[8/4/2015 14:12:34] Client 1800: get msg: 12
[8/4/2015 14:12:34] Release SRW Lock
[8/4/2015 14:12:34] Waining for Slim Reader/Writer (SRW) Lock
[8/4/2015 14:12:34] Writer: Waining for Slim Reader/Writer (SRW) Lock
[8/4/2015 14:12:34] Writer: Get SRW Lock
[8/4/2015 14:12:34] Server 3352: send msg: 13
[8/4/2015 14:12:34] Writer: Release SRW Lock
[8/4/2015 14:12:34] Get SRW Lock
[8/4/2015 14:12:34] Client 1800: get msg: 13
[8/4/2015 14:12:34] Release SRW Lock
[8/4/2015 14:12:35] Waining for Slim Reader/Writer (SRW) Lock
[8/4/2015 14:12:35] Writer: Waining for Slim Reader/Writer (SRW) Lock
[8/4/2015 14:12:35] Writer: Get SRW Lock
[8/4/2015 14:12:35] Server 3352: send msg: 14
[8/4/2015 14:12:35] Writer: Release SRW Lock
[8/4/2015 14:12:35] Get SRW Lock
[8/4/2015 14:12:35] Client 1800: get msg: 14
[8/4/2015 14:12:35] Release SRW Lock
[8/4/2015 14:12:35] Waining for Slim Reader/Writer (SRW) Lock
[8/4/2015 14:12:35] Writer: Waining for Slim Reader/Writer (SRW) Lock
[8/4/2015 14:12:35] Writer: Get SRW Lock
[8/4/2015 14:12:35] Server 3352: send msg: 15
[8/4/2015 14:12:35] Writer: Release SRW Lock
[8/4/2015 14:12:35] Get SRW Lock
[8/4/2015 14:12:35] Client 1800: get msg: 15
[8/4/2015 14:12:35] Release SRW Lock
[8/4/2015 14:12:35] Waining for Slim Reader/Writer (SRW) Lock
[8/4/2015 14:12:35] Writer: Waining for Slim Reader/Writer (SRW) Lock
[8/4/2015 14:12:35] Writer: Get SRW Lock
[8/4/2015 14:12:35] Server 3352: send msg: 16
[8/4/2015 14:12:35] Writer: Release SRW Lock
[8/4/2015 14:12:35] Get SRW Lock
[8/4/2015 14:12:35] Client 1800: get msg: 16
[8/4/2015 14:12:35] Release SRW Lock
[8/4/2015 14:12:35] Waining for Slim Reader/Writer (SRW) Lock
[8/4/2015 14:12:35] Writer: Waining for Slim Reader/Writer (SRW) Lock
[8/4/2015 14:12:35] Writer: Get SRW Lock
[8/4/2015 14:12:35] Server 3352: send msg: 17
[8/4/2015 14:12:35] Writer: Release SRW Lock
[8/4/2015 14:12:35] Get SRW Lock
[8/4/2015 14:12:35] Client 1800: get msg: 17
[8/4/2015 14:12:35] Release SRW Lock
[8/4/2015 14:12:35] Waining for Slim Reader/Writer (SRW) Lock
[8/4/2015 14:12:36] Writer: Waining for Slim Reader/Writer (SRW) Lock
[8/4/2015 14:12:36] Writer: Get SRW Lock
[8/4/2015 14:12:36] Server 3352: send msg: 18
[8/4/2015 14:12:36] Writer: Release SRW Lock
[8/4/2015 14:12:36] Get SRW Lock
[8/4/2015 14:12:36] Client 1800: get msg: 18
[8/4/2015 14:12:36] Release SRW Lock
[8/4/2015 14:12:36] Waining for Slim Reader/Writer (SRW) Lock
[8/4/2015 14:12:36] Client connected!
[8/4/2015 14:12:36] Try to create named pipe on \\.\pipe\$$MyPipe$$[8/4/2015 14:12:36] Thread 3968 started!
[8/4/2015 14:12:36] Named pipe created successfully!
[8/4/2015 14:12:36] Waining for Slim Reader/Writer (SRW) Lock

[8/4/2015 14:12:36] Writer: Waining for Slim Reader/Writer (SRW) Lock
[8/4/2015 14:12:36] Writer: Get SRW Lock
[8/4/2015 14:12:36] Server 3352: send msg: 19
[8/4/2015 14:12:36] Writer: Release SRW Lock
[8/4/2015 14:12:36] Get SRW Lock
[8/4/2015 14:12:36] [8/4/2015 14:12:36] Client 1800: get msg: 19Get SRW Lock

[8/4/2015 14:12:36] Release SRW Lock
[8/4/2015 14:12:36] Client 3968: get msg: 19
[8/4/2015 14:12:36] Release SRW Lock
[8/4/2015 14:12:36] Waining for Slim Reader/Writer (SRW) Lock
[8/4/2015 14:12:36] Waining for Slim Reader/Writer (SRW) Lock
[8/4/2015 14:12:36] Writer: Waining for Slim Reader/Writer (SRW) Lock
[8/4/2015 14:12:36] Writer: Get SRW Lock
[8/4/2015 14:12:36] Server 3352: send msg: 20
[8/4/2015 14:12:36] Writer: Release SRW Lock
[8/4/2015 14:12:36] Get SRW Lock
[8/4/2015 14:12:36] [8/4/2015 14:12:36] Get SRW LockClient 1800: get msg: 20

[8/4/2015 14:12:36] Release SRW Lock
[8/4/2015 14:12:36] Client 3968: get msg: 20
[8/4/2015 14:12:36] Release SRW Lock
[8/4/2015 14:12:36] [8/4/2015 14:12:36] Waining for Slim Reader/Writer (SRW) LockWaining for Slim Reader/Writer (SRW) Lock

[8/4/2015 14:12:36] Writer: Waining for Slim Reader/Writer (SRW) Lock
[8/4/2015 14:12:36] Writer: Get SRW Lock
[8/4/2015 14:12:36] Server 3352: send msg: 21
[8/4/2015 14:12:36] Writer: Release SRW Lock
[8/4/2015 14:12:36] Get SRW Lock
[8/4/2015 14:12:36] Client 1800: get msg: 21
[8/4/2015 14:12:36] Release SRW Lock
[8/4/2015 14:12:36] Get SRW Lock
[8/4/2015 14:12:36] Client 3968: get msg: 21
[8/4/2015 14:12:36] Release SRW Lock
[8/4/2015 14:12:36] Waining for Slim Reader/Writer (SRW) Lock
[8/4/2015 14:12:36] Waining for Slim Reader/Writer (SRW) Lock
[8/4/2015 14:12:37] Writer: Waining for Slim Reader/Writer (SRW) Lock
[8/4/2015 14:12:37] Writer: Get SRW Lock
[8/4/2015 14:12:37] Server 3352: send msg: 22
[8/4/2015 14:12:37] Writer: Release SRW Lock
[8/4/2015 14:12:37] Get SRW Lock
[8/4/2015 14:12:37] Get SRW Lock
[8/4/2015 14:12:37] Client 1800: get msg: 22
[8/4/2015 14:12:37] Release SRW Lock
[8/4/2015 14:12:37] Client 3968: get msg: 22
[8/4/2015 14:12:37] Release SRW Lock
[8/4/2015 14:12:37] Waining for Slim Reader/Writer (SRW) Lock
[8/4/2015 14:12:37] Waining for Slim Reader/Writer (SRW) Lock
[8/4/2015 14:12:37] Writer: Waining for Slim Reader/Writer (SRW) Lock
[8/4/2015 14:12:37] Writer: Get SRW Lock
[8/4/2015 14:12:37] Server 3352: send msg: 23
[8/4/2015 14:12:37] Writer: Release SRW Lock
[8/4/2015 14:12:37] Get SRW Lock
[8/4/2015 14:12:37] Get SRW Lock[8/4/2015 14:12:37] 
Client 1800: get msg: 23
[8/4/2015 14:12:37] Release SRW Lock
[8/4/2015 14:12:37] Client 3968: get msg: 23
[8/4/2015 14:12:37] Release SRW Lock
[8/4/2015 14:12:37] [8/4/2015 14:12:37] Waining for Slim Reader/Writer (SRW) LockWaining for Slim Reader/Writer (SRW) Lock

[8/4/2015 14:12:37] Writer: Waining for Slim Reader/Writer (SRW) Lock
[8/4/2015 14:12:37] Writer: Get SRW Lock
[8/4/2015 14:12:37] Server 3352: send msg: 24
[8/4/2015 14:12:37] Writer: Release SRW Lock
[8/4/2015 14:12:37] Get SRW Lock
[8/4/2015 14:12:37] Client 3968: get msg: 24
[8/4/2015 14:12:37] Release SRW Lock
[8/4/2015 14:12:37] Get SRW Lock
[8/4/2015 14:12:37] Client 1800: get msg: 24
[8/4/2015 14:12:37] Release SRW Lock
[8/4/2015 14:12:37] Waining for Slim Reader/Writer (SRW) Lock
[8/4/2015 14:12:37] Waining for Slim Reader/Writer (SRW) Lock
[8/4/2015 14:12:37] Writer: Waining for Slim Reader/Writer (SRW) Lock
[8/4/2015 14:12:37] Writer: Get SRW Lock
[8/4/2015 14:12:37] Server 3352: send msg: 25
[8/4/2015 14:12:37] Writer: Release SRW Lock
[8/4/2015 14:12:37] Get SRW Lock
[8/4/2015 14:12:37] Get SRW Lock
[8/4/2015 14:12:37] Client 3968: get msg: 25
[8/4/2015 14:12:37] Release SRW Lock
[8/4/2015 14:12:37] Client 1800: get msg: 25
[8/4/2015 14:12:37] Release SRW Lock
[8/4/2015 14:12:37] Waining for Slim Reader/Writer (SRW) Lock
[8/4/2015 14:12:37] Waining for Slim Reader/Writer (SRW) Lock
[8/4/2015 14:12:37] Timer signal received, set Event exitEvent
[8/4/2015 14:12:37] TimeManager finishing work
[8/4/2015 14:12:38] Thread 3352: Writer Thread exitting.
[8/4/2015 14:12:38] Writer: Waining for Slim Reader/Writer (SRW) Lock
[8/4/2015 14:12:38] Writer: Get SRW Lock
[8/4/2015 14:12:38] Server 776: send msg: 26
[8/4/2015 14:12:38] Writer: Release SRW Lock
[8/4/2015 14:12:38] Get SRW Lock
[8/4/2015 14:12:38] Client 3968: get msg: 26
[8/4/2015 14:12:38] Release SRW Lock
[8/4/2015 14:12:38] Get SRW Lock
[8/4/2015 14:12:38] Client 1800: get msg: 26
[8/4/2015 14:12:38] Release SRW Lock
[8/4/2015 14:12:38] Thread 1800: InstanceThread exitting.
[8/4/2015 14:12:38] Thread 3968: InstanceThread exitting.
[8/4/2015 14:12:38] Thread 776: Writer Thread exitting.
[8/4/2015 14:12:48] Shutting down.

