[8/4/2015 13:54:47] Mutex.ThreadReader is starting.
[8/4/2015 13:54:47] Waining for Mutex
[8/4/2015 13:54:47] Get Mutex
[8/4/2015 13:54:47] Reader 8 get data: "writer_id = 1 numMsg=   0" from position 1
[8/4/2015 13:54:47] Release Mutex
[8/4/2015 13:54:48] Waining for Mutex
[8/4/2015 13:54:48] Get Mutex
[8/4/2015 13:54:48] Release Mutex
[8/4/2015 13:54:48] Waining for Mutex
[8/4/2015 13:54:48] Get Mutex
[8/4/2015 13:54:48] Release Mutex
[8/4/2015 13:54:48] Waining for Mutex
[8/4/2015 13:54:48] Get Mutex
[8/4/2015 13:54:48] Release Mutex
[8/4/2015 13:54:48] Waining for Mutex
[8/4/2015 13:54:48] Get Mutex
[8/4/2015 13:54:48] Reader 8 get data: "writer_id = 1 numMsg=   2" from position 21
[8/4/2015 13:54:48] Release Mutex
[8/4/2015 13:54:48] Waining for Mutex
[8/4/2015 13:54:48] Get Mutex
[8/4/2015 13:54:48] Release Mutex
[8/4/2015 13:54:48] Waining for Mutex
[8/4/2015 13:54:48] Get Mutex
[8/4/2015 13:54:48] Reader 8 get data: "writer_id = 9 numMsg=   3" from position 33
[8/4/2015 13:54:48] Release Mutex
[8/4/2015 13:54:48] Waining for Mutex
[8/4/2015 13:54:48] Get Mutex
[8/4/2015 13:54:48] Release Mutex
[8/4/2015 13:54:48] Waining for Mutex
[8/4/2015 13:54:48] Get Mutex
[8/4/2015 13:54:48] Reader 8 get data: "writer_id = 6 numMsg=   4" from position 47
[8/4/2015 13:54:48] Release Mutex
[8/4/2015 13:54:48] Waining for Mutex
[8/4/2015 13:54:48] Get Mutex
[8/4/2015 13:54:48] Release Mutex
[8/4/2015 13:54:49] Waining for Mutex
[8/4/2015 13:54:49] Get Mutex
[8/4/2015 13:54:49] Reader 8 get data: "writer_id = 3 numMsg=   5" from position 59
[8/4/2015 13:54:49] Release Mutex
[8/4/2015 13:54:49] Waining for Mutex
[8/4/2015 13:54:49] Get Mutex
[8/4/2015 13:54:49] Reader 8 get data: "writer_id = 1 numMsg=   6" from position 61
[8/4/2015 13:54:49] Release Mutex
[8/4/2015 13:54:49] Waining for Mutex
[8/4/2015 13:54:49] Get Mutex
[8/4/2015 13:54:49] Release Mutex
[8/4/2015 13:54:49] Waining for Mutex
[8/4/2015 13:54:49] Get Mutex
[8/4/2015 13:54:49] Reader 8 get data: "writer_id = 4 numMsg=   7" from position 72
[8/4/2015 13:54:49] Release Mutex
[8/4/2015 13:54:49] Waining for Mutex
[8/4/2015 13:54:49] Get Mutex
[8/4/2015 13:54:49] Release Mutex
[8/4/2015 13:54:49] Waining for Mutex
[8/4/2015 13:54:49] Get Mutex
[8/4/2015 13:54:49] Release Mutex
[8/4/2015 13:54:49] Waining for Mutex
[8/4/2015 13:54:49] Get Mutex
[8/4/2015 13:54:49] Release Mutex
[8/4/2015 13:54:49] Waining for Mutex
[8/4/2015 13:54:49] Get Mutex
[8/4/2015 13:54:49] Reader 8 get data: "writer_id = 5 numMsg=   9" from position 93
[8/4/2015 13:54:49] Release Mutex
[8/4/2015 13:54:49] Waining for Mutex
[8/4/2015 13:54:49] Get Mutex
[8/4/2015 13:54:49] Release Mutex
[8/4/2015 13:54:50] Waining for Mutex
[8/4/2015 13:54:50] Get Mutex
[8/4/2015 13:54:50] Reader 8 get data: "writer_id = 6 numMsg=  10" from position 106
[8/4/2015 13:54:50] Release Mutex
[8/4/2015 13:54:50] Waining for Mutex
[8/4/2015 13:54:50] Get Mutex
[8/4/2015 13:54:50] Release Mutex
[8/4/2015 13:54:50] Waining for Mutex
[8/4/2015 13:54:50] Get Mutex
[8/4/2015 13:54:50] Reader 8 get data: "writer_id = 6 numMsg=  11" from position 117
[8/4/2015 13:54:50] Release Mutex
[8/4/2015 13:54:50] Waining for Mutex
[8/4/2015 13:54:50] Get Mutex
[8/4/2015 13:54:50] Reader 8 get data: "writer_id = 7 numMsg=  12" from position 120
[8/4/2015 13:54:50] Release Mutex
[8/4/2015 13:54:50] Waining for Mutex
[8/4/2015 13:54:50] Get Mutex
[8/4/2015 13:54:50] Reader 8 get data: "writer_id = 0 numMsg=  12" from position 128
[8/4/2015 13:54:50] Release Mutex
[8/4/2015 13:54:50] Waining for Mutex
[8/4/2015 13:54:50] Get Mutex
[8/4/2015 13:54:50] Reader 8 get data: "writer_id = 1 numMsg=  13" from position 131
[8/4/2015 13:54:50] Release Mutex
[8/4/2015 13:54:50] Waining for Mutex
[8/4/2015 13:54:50] Get Mutex
[8/4/2015 13:54:50] Reader 8 get data: "writer_id = 0 numMsg=  13" from position 139
[8/4/2015 13:54:50] Release Mutex
[8/4/2015 13:54:50] Waining for Mutex
[8/4/2015 13:54:50] Get Mutex
[8/4/2015 13:54:50] Release Mutex
[8/4/2015 13:54:50] Reader 8 finishing work
[8/4/2015 13:54:50] Shutting down.

