[8/4/2015 13:54:47] Mutex.ThreadReader is starting.
[8/4/2015 13:54:47] Waining for Mutex
[8/4/2015 13:54:48] Get Mutex
[8/4/2015 13:54:48] Reader 6 get data: "writer_id = 2 numMsg=   0" from position 5
[8/4/2015 13:54:48] Release Mutex
[8/4/2015 13:54:48] Waining for Mutex
[8/4/2015 13:54:48] Get Mutex
[8/4/2015 13:54:48] Release Mutex
[8/4/2015 13:54:48] Waining for Mutex
[8/4/2015 13:54:48] Get Mutex
[8/4/2015 13:54:48] Reader 6 get data: "writer_id = 5 numMsg=   1" from position 15
[8/4/2015 13:54:48] Release Mutex
[8/4/2015 13:54:48] Waining for Mutex
[8/4/2015 13:54:48] Get Mutex
[8/4/2015 13:54:48] Release Mutex
[8/4/2015 13:54:48] Waining for Mutex
[8/4/2015 13:54:48] Get Mutex
[8/4/2015 13:54:48] Reader 6 get data: "writer_id = 0 numMsg=   2" from position 26
[8/4/2015 13:54:48] Release Mutex
[8/4/2015 13:54:48] Waining for Mutex
[8/4/2015 13:54:48] Get Mutex
[8/4/2015 13:54:48] Reader 6 get data: "writer_id = 4 numMsg=   3" from position 32
[8/4/2015 13:54:48] Release Mutex
[8/4/2015 13:54:48] Waining for Mutex
[8/4/2015 13:54:48] Get Mutex
[8/4/2015 13:54:48] Release Mutex
[8/4/2015 13:54:48] Waining for Mutex
[8/4/2015 13:54:48] Get Mutex
[8/4/2015 13:54:48] Release Mutex
[8/4/2015 13:54:48] Waining for Mutex
[8/4/2015 13:54:48] Get Mutex
[8/4/2015 13:54:48] Release Mutex
[8/4/2015 13:54:49] Waining for Mutex
[8/4/2015 13:54:49] Get Mutex
[8/4/2015 13:54:49] Reader 6 get data: "writer_id = 6 numMsg=   5" from position 57
[8/4/2015 13:54:49] Release Mutex
[8/4/2015 13:54:49] Waining for Mutex
[8/4/2015 13:54:49] Get Mutex
[8/4/2015 13:54:49] Reader 6 get data: "writer_id = 7 numMsg=   6" from position 60
[8/4/2015 13:54:49] Release Mutex
[8/4/2015 13:54:49] Waining for Mutex
[8/4/2015 13:54:49] Get Mutex
[8/4/2015 13:54:49] Reader 6 get data: "writer_id = 6 numMsg=   6" from position 67
[8/4/2015 13:54:49] Release Mutex
[8/4/2015 13:54:49] Waining for Mutex
[8/4/2015 13:54:49] Get Mutex
[8/4/2015 13:54:49] Release Mutex
[8/4/2015 13:54:49] Waining for Mutex
[8/4/2015 13:54:49] Get Mutex
[8/4/2015 13:54:49] Reader 6 get data: "writer_id = 3 numMsg=   7" from position 79
[8/4/2015 13:54:49] Release Mutex
[8/4/2015 13:54:49] Waining for Mutex
[8/4/2015 13:54:49] Get Mutex
[8/4/2015 13:54:49] Release Mutex
[8/4/2015 13:54:49] Waining for Mutex
[8/4/2015 13:54:49] Get Mutex
[8/4/2015 13:54:49] Reader 6 get data: "writer_id = 8 numMsg=   8" from position 89
[8/4/2015 13:54:49] Release Mutex
[8/4/2015 13:54:49] Waining for Mutex
[8/4/2015 13:54:49] Get Mutex
[8/4/2015 13:54:49] Release Mutex
[8/4/2015 13:54:49] Waining for Mutex
[8/4/2015 13:54:49] Get Mutex
[8/4/2015 13:54:49] Release Mutex
[8/4/2015 13:54:50] Waining for Mutex
[8/4/2015 13:54:50] Get Mutex
[8/4/2015 13:54:50] Reader 6 get data: "writer_id = 9 numMsg=  10" from position 103
[8/4/2015 13:54:50] Release Mutex
[8/4/2015 13:54:50] Waining for Mutex
[8/4/2015 13:54:50] Get Mutex
[8/4/2015 13:54:50] Release Mutex
[8/4/2015 13:54:50] Waining for Mutex
[8/4/2015 13:54:50] Get Mutex
[8/4/2015 13:54:50] Reader 6 get data: "writer_id = 5 numMsg=  11" from position 114
[8/4/2015 13:54:50] Release Mutex
[8/4/2015 13:54:50] Waining for Mutex
[8/4/2015 13:54:50] Get Mutex
[8/4/2015 13:54:50] Release Mutex
[8/4/2015 13:54:50] Waining for Mutex
[8/4/2015 13:54:50] Get Mutex
[8/4/2015 13:54:50] Reader 6 get data: "writer_id = 6 numMsg=  12" from position 126
[8/4/2015 13:54:50] Release Mutex
[8/4/2015 13:54:50] Waining for Mutex
[8/4/2015 13:54:50] Get Mutex
[8/4/2015 13:54:50] Reader 6 get data: "writer_id = 7 numMsg=  13" from position 130
[8/4/2015 13:54:50] Release Mutex
[8/4/2015 13:54:50] Waining for Mutex
[8/4/2015 13:54:50] Get Mutex
[8/4/2015 13:54:50] Reader 6 get data: "writer_id = 3 numMsg=  13" from position 138
[8/4/2015 13:54:50] Release Mutex
[8/4/2015 13:54:50] Waining for Mutex
[8/4/2015 13:54:50] Get Mutex
[8/4/2015 13:54:50] Reader 6 get data: "writer_id = 4 numMsg=  14" from position 142
[8/4/2015 13:54:50] Release Mutex
[8/4/2015 13:54:50] Waining for Mutex
[8/4/2015 13:54:50] Get Mutex
[8/4/2015 13:54:50] Reader 6 get data: "writer_id = 0 numMsg=  14" from position 148
[8/4/2015 13:54:50] Release Mutex
[8/4/2015 13:54:51] Reader 6 finishing work
[8/4/2015 13:54:51] Shutting down.

