[8/4/2015 13:54:47] ThreadsReaderWriter.ThreadWriter is starting.
[8/4/2015 13:54:47] Waining for Mutex
[8/4/2015 13:54:47] Get Mutex
[8/4/2015 13:54:47] Writer 7 put data: "writer_id = 7 numMsg=   0" in position 0
[8/4/2015 13:54:47] Release Mutex
[8/4/2015 13:54:48] Waining for Mutex
[8/4/2015 13:54:48] Get Mutex
[8/4/2015 13:54:48] Writer 7 put data: "writer_id = 7 numMsg=   1" in position 10
[8/4/2015 13:54:48] Release Mutex
[8/4/2015 13:54:48] Waining for Mutex
[8/4/2015 13:54:48] Get Mutex
[8/4/2015 13:54:48] Writer 7 put data: "writer_id = 7 numMsg=   2" in position 20
[8/4/2015 13:54:48] Release Mutex
[8/4/2015 13:54:48] Waining for Mutex
[8/4/2015 13:54:48] Get Mutex
[8/4/2015 13:54:48] Writer 7 put data: "writer_id = 7 numMsg=   3" in position 30
[8/4/2015 13:54:48] Release Mutex
[8/4/2015 13:54:48] Waining for Mutex
[8/4/2015 13:54:48] Get Mutex
[8/4/2015 13:54:48] Writer 7 put data: "writer_id = 7 numMsg=   4" in position 40
[8/4/2015 13:54:48] Release Mutex
[8/4/2015 13:54:48] Waining for Mutex
[8/4/2015 13:54:48] Get Mutex
[8/4/2015 13:54:48] Writer 7 put data: "writer_id = 7 numMsg=   5" in position 50
[8/4/2015 13:54:48] Release Mutex
[8/4/2015 13:54:49] Waining for Mutex
[8/4/2015 13:54:49] Get Mutex
[8/4/2015 13:54:49] Writer 7 put data: "writer_id = 7 numMsg=   6" in position 60
[8/4/2015 13:54:49] Release Mutex
[8/4/2015 13:54:49] Waining for Mutex
[8/4/2015 13:54:49] Get Mutex
[8/4/2015 13:54:49] Writer 7 put data: "writer_id = 7 numMsg=   7" in position 70
[8/4/2015 13:54:49] Release Mutex
[8/4/2015 13:54:49] Waining for Mutex
[8/4/2015 13:54:49] Get Mutex
[8/4/2015 13:54:49] Writer 7 put data: "writer_id = 7 numMsg=   8" in position 80
[8/4/2015 13:54:49] Release Mutex
[8/4/2015 13:54:49] Waining for Mutex
[8/4/2015 13:54:49] Get Mutex
[8/4/2015 13:54:49] Writer 7 put data: "writer_id = 7 numMsg=   9" in position 90
[8/4/2015 13:54:49] Release Mutex
[8/4/2015 13:54:49] Waining for Mutex
[8/4/2015 13:54:49] Get Mutex
[8/4/2015 13:54:49] Writer 7 put data: "writer_id = 7 numMsg=  10" in position 100
[8/4/2015 13:54:49] Release Mutex
[8/4/2015 13:54:50] Waining for Mutex
[8/4/2015 13:54:50] Get Mutex
[8/4/2015 13:54:50] Writer 7 put data: "writer_id = 7 numMsg=  11" in position 110
[8/4/2015 13:54:50] Release Mutex
[8/4/2015 13:54:50] Waining for Mutex
[8/4/2015 13:54:50] Get Mutex
[8/4/2015 13:54:50] Writer 7 put data: "writer_id = 7 numMsg=  12" in position 120
[8/4/2015 13:54:50] Release Mutex
[8/4/2015 13:54:50] Waining for Mutex
[8/4/2015 13:54:50] Get Mutex
[8/4/2015 13:54:50] Writer 7 put data: "writer_id = 7 numMsg=  13" in position 130
[8/4/2015 13:54:50] Release Mutex
[8/4/2015 13:54:50] Waining for Mutex
[8/4/2015 13:54:50] Get Mutex
[8/4/2015 13:54:50] Writer 7 put data: "writer_id = 7 numMsg=  14" in position 140
[8/4/2015 13:54:50] Release Mutex
[8/4/2015 13:54:50] Writer 7 finishing work
[8/4/2015 13:54:50] Shutting down.

