[8/4/2015 13:54:47] ThreadsReaderWriter.ThreadWriter is starting.
[8/4/2015 13:54:47] Waining for Mutex
[8/4/2015 13:54:47] Get Mutex
[8/4/2015 13:54:47] Writer 6 put data: "writer_id = 6 numMsg=   0" in position 8
[8/4/2015 13:54:48] Release Mutex
[8/4/2015 13:54:48] Waining for Mutex
[8/4/2015 13:54:48] Get Mutex
[8/4/2015 13:54:48] Writer 6 put data: "writer_id = 6 numMsg=   1" in position 18
[8/4/2015 13:54:48] Release Mutex
[8/4/2015 13:54:48] Waining for Mutex
[8/4/2015 13:54:48] Get Mutex
[8/4/2015 13:54:48] Writer 6 put data: "writer_id = 6 numMsg=   2" in position 27
[8/4/2015 13:54:48] Release Mutex
[8/4/2015 13:54:48] Waining for Mutex
[8/4/2015 13:54:48] Get Mutex
[8/4/2015 13:54:48] Writer 6 put data: "writer_id = 6 numMsg=   3" in position 37
[8/4/2015 13:54:48] Release Mutex
[8/4/2015 13:54:48] Waining for Mutex
[8/4/2015 13:54:48] Get Mutex
[8/4/2015 13:54:48] Writer 6 put data: "writer_id = 6 numMsg=   4" in position 47
[8/4/2015 13:54:48] Release Mutex
[8/4/2015 13:54:49] Waining for Mutex
[8/4/2015 13:54:49] Get Mutex
[8/4/2015 13:54:49] Writer 6 put data: "writer_id = 6 numMsg=   5" in position 57
[8/4/2015 13:54:49] Release Mutex
[8/4/2015 13:54:49] Waining for Mutex
[8/4/2015 13:54:49] Get Mutex
[8/4/2015 13:54:49] Writer 6 put data: "writer_id = 6 numMsg=   6" in position 67
[8/4/2015 13:54:49] Release Mutex
[8/4/2015 13:54:49] Waining for Mutex
[8/4/2015 13:54:49] Get Mutex
[8/4/2015 13:54:49] Writer 6 put data: "writer_id = 6 numMsg=   7" in position 76
[8/4/2015 13:54:49] Release Mutex
[8/4/2015 13:54:49] Waining for Mutex
[8/4/2015 13:54:49] Get Mutex
[8/4/2015 13:54:49] Writer 6 put data: "writer_id = 6 numMsg=   8" in position 86
[8/4/2015 13:54:49] Release Mutex
[8/4/2015 13:54:49] Waining for Mutex
[8/4/2015 13:54:49] Get Mutex
[8/4/2015 13:54:49] Writer 6 put data: "writer_id = 6 numMsg=   9" in position 96
[8/4/2015 13:54:49] Release Mutex
[8/4/2015 13:54:50] Waining for Mutex
[8/4/2015 13:54:50] Get Mutex
[8/4/2015 13:54:50] Writer 6 put data: "writer_id = 6 numMsg=  10" in position 106
[8/4/2015 13:54:50] Release Mutex
[8/4/2015 13:54:50] Waining for Mutex
[8/4/2015 13:54:50] Get Mutex
[8/4/2015 13:54:50] Writer 6 put data: "writer_id = 6 numMsg=  11" in position 117
[8/4/2015 13:54:50] Release Mutex
[8/4/2015 13:54:50] Waining for Mutex
[8/4/2015 13:54:50] Get Mutex
[8/4/2015 13:54:50] Writer 6 put data: "writer_id = 6 numMsg=  12" in position 126
[8/4/2015 13:54:50] Release Mutex
[8/4/2015 13:54:50] Waining for Mutex
[8/4/2015 13:54:50] Get Mutex
[8/4/2015 13:54:50] Writer 6 put data: "writer_id = 6 numMsg=  13" in position 136
[8/4/2015 13:54:50] Release Mutex
[8/4/2015 13:54:50] Waining for Mutex
[8/4/2015 13:54:50] Get Mutex
[8/4/2015 13:54:50] Writer 6 put data: "writer_id = 6 numMsg=  14" in position 146
[8/4/2015 13:54:50] Release Mutex
[8/4/2015 13:54:51] Writer 6 finishing work
[8/4/2015 13:54:51] Shutting down.

